Using pre-set license
Built from '2020.3/staging' branch; Version is '2020.3.0f1 (c7b5465681fb) revision 13088070'; Using compiler version '192528614'; Build Type 'Release'
OS: 'Windows 10 Pro; OS build 19043.1706; Version 2009; 64bit' Language: 'en' Physical Memory: 16336 MB
BatchMode: 1, IsHumanControllingUs: 0, StartBugReporterOnCrash: 0, Is64bit: 1, IsPro: 0

 COMMAND LINE ARGUMENTS:
C:\Program Files\Unity\Hub\Editor\2020.3.0f1\Editor\Unity.exe
-adb2
-batchMode
-noUpm
-name
AssetImportWorker0
-projectPath
C:/Users/TGJ/Documents/NuclearBattlefield/Gmefiles/NuclearBattlefield
-logFile
Logs/AssetImportWorker0.log
-srvPort
51940
Successfully changed project path to: C:/Users/TGJ/Documents/NuclearBattlefield/Gmefiles/NuclearBattlefield
C:/Users/TGJ/Documents/NuclearBattlefield/Gmefiles/NuclearBattlefield
Using Asset Import Pipeline V2.
Refreshing native plugins compatible for Editor in 61.26 ms, found 2 plugins.
Preloading 0 native plugins for Editor in 0.00 ms.
Initialize engine version: 2020.3.0f1 (c7b5465681fb)
[Subsystems] Discovering subsystems at path C:/Program Files/Unity/Hub/Editor/2020.3.0f1/Editor/Data/Resources/UnitySubsystems
[Subsystems] Discovering subsystems at path C:/Users/TGJ/Documents/NuclearBattlefield/Gmefiles/NuclearBattlefield/Assets
GfxDevice: creating device client; threaded=0
Direct3D:
    Version:  Direct3D 11.0 [level 11.1]
    Renderer: NVIDIA GeForce GTX 1050 Ti (ID=0x1c82)
    Vendor:   
    VRAM:     4018 MB
    Driver:   27.21.14.6172
Shader 'Universal Render Pipeline/Particles/Lit': fallback shader 'Universal Render Pipeline/Particles/SimpleLit' not found
Initialize mono
Mono path[0] = 'C:/Program Files/Unity/Hub/Editor/2020.3.0f1/Editor/Data/Managed'
Mono path[1] = 'C:/Program Files/Unity/Hub/Editor/2020.3.0f1/Editor/Data/MonoBleedingEdge/lib/mono/unityjit'
Mono config path = 'C:/Program Files/Unity/Hub/Editor/2020.3.0f1/Editor/Data/MonoBleedingEdge/etc'
Using monoOptions --debugger-agent=transport=dt_socket,embedding=1,server=y,suspend=n,address=127.0.0.1:56244
Begin MonoManager ReloadAssembly
Registering precompiled unity dll's ...
Register platform support module: C:/Program Files/Unity/Hub/Editor/2020.3.0f1/Editor/Data/PlaybackEngines/WebGLSupport/UnityEditor.WebGL.Extensions.dll
Register platform support module: C:/Program Files/Unity/Hub/Editor/2020.3.0f1/Editor/Data/PlaybackEngines/WindowsStandaloneSupport/UnityEditor.WindowsStandalone.Extensions.dll
Registered in 0.004069 seconds.
Native extension for WindowsStandalone target not found
Native extension for WebGL target not found
Refreshing native plugins compatible for Editor in 56.42 ms, found 2 plugins.
Preloading 0 native plugins for Editor in 0.00 ms.
Invoked RoslynAnalysisRunner static constructor.
RoslynAnalysisRunner will not be running.
RoslynAnalysisRunner has terminated.
Mono: successfully reloaded assembly
- Completed reload, in  2.004 seconds
Platform modules already initialized, skipping
Registering precompiled user dll's ...
Registered in 0.011949 seconds.
Begin MonoManager ReloadAssembly
Native extension for WindowsStandalone target not found
Native extension for WebGL target not found
Refreshing native plugins compatible for Editor in 60.89 ms, found 2 plugins.
Preloading 0 native plugins for Editor in 0.00 ms.
Invoked RoslynAnalysisRunner static constructor.
RoslynAnalysisRunner will not be running.
RoslynAnalysisRunner has terminated.
Mono: successfully reloaded assembly
- Completed reload, in  1.266 seconds
Platform modules already initialized, skipping
========================================================================
Worker process is ready to serve import requests
Shader 'Universal Render Pipeline/Particles/Lit': fallback shader 'Universal Render Pipeline/Particles/SimpleLit' not found
Launched and connected shader compiler UnityShaderCompiler.exe after 0.05 seconds
Refreshing native plugins compatible for Editor in 0.60 ms, found 2 plugins.
Preloading 0 native plugins for Editor in 0.00 ms.
Unloading 2630 Unused Serialized files (Serialized files now loaded: 0)
System memory in use before: 209.2 MB.
System memory in use after: 209.3 MB.

Unloading 27 unused Assets to reduce memory usage. Loaded Objects now: 3125.
Total: 2.811300 ms (FindLiveObjects: 0.465900 ms CreateObjectMapping: 0.101900 ms MarkObjects: 2.120600 ms  DeleteObjects: 0.121200 ms)

========================================================================
Received Import Request.
  path: Assets/Scripts/BattleManagement/AIController.cs
  artifactKey: Guid(b10cb51b1e286454492c10d21989d8e3) Importer(815301076,1909f56bfc062723c751e8b465ee728b)
Start importing Assets/Scripts/BattleManagement/AIController.cs using Guid(b10cb51b1e286454492c10d21989d8e3) Importer(815301076,1909f56bfc062723c751e8b465ee728b)  -> (artifact id: 'fb88bf4c3c0422a56c882a6b3aa3b57d') in 0.035517 seconds
  Import took 0.040932 seconds .

========================================================================
Received Import Request.
  Time since last request: 182.880755 seconds.
  path: Assets/Scripts/BattleManagement/AIController.cs
  artifactKey: Guid(b10cb51b1e286454492c10d21989d8e3) Importer(815301076,1909f56bfc062723c751e8b465ee728b)
Start importing Assets/Scripts/BattleManagement/AIController.cs using Guid(b10cb51b1e286454492c10d21989d8e3) Importer(815301076,1909f56bfc062723c751e8b465ee728b)  -> (artifact id: '9c0ffd39b2d3a8b690a7b90eff22fd6b') in 0.003216 seconds
  Import took 0.007766 seconds .

========================================================================
Received Import Request.
  Time since last request: 0.152634 seconds.
  path: Assets/Scripts/BattleManagement/AIController.cs
  artifactKey: Guid(b10cb51b1e286454492c10d21989d8e3) Importer(815301076,1909f56bfc062723c751e8b465ee728b)
Start importing Assets/Scripts/BattleManagement/AIController.cs using Guid(b10cb51b1e286454492c10d21989d8e3) Importer(815301076,1909f56bfc062723c751e8b465ee728b)  -> (artifact id: '9c0ffd39b2d3a8b690a7b90eff22fd6b') in 0.002777 seconds
  Import took 0.007095 seconds .

========================================================================
Received Import Request.
  Time since last request: 151.301995 seconds.
  path: Assets/Scripts/BattleManagement/AIController.cs
  artifactKey: Guid(b10cb51b1e286454492c10d21989d8e3) Importer(815301076,1909f56bfc062723c751e8b465ee728b)
Start importing Assets/Scripts/BattleManagement/AIController.cs using Guid(b10cb51b1e286454492c10d21989d8e3) Importer(815301076,1909f56bfc062723c751e8b465ee728b)  -> (artifact id: '8dff32d66a574bac6302b4ce0125fada') in 0.003023 seconds
  Import took 0.008878 seconds .

========================================================================
Received Import Request.
  Time since last request: 0.070455 seconds.
  path: Assets/Scripts/BattleManagement/AIController.cs
  artifactKey: Guid(b10cb51b1e286454492c10d21989d8e3) Importer(815301076,1909f56bfc062723c751e8b465ee728b)
Start importing Assets/Scripts/BattleManagement/AIController.cs using Guid(b10cb51b1e286454492c10d21989d8e3) Importer(815301076,1909f56bfc062723c751e8b465ee728b)  -> (artifact id: '8dff32d66a574bac6302b4ce0125fada') in 0.003701 seconds
  Import took 0.008320 seconds .

========================================================================
Received Prepare
Registering precompiled user dll's ...
Registered in 0.010059 seconds.
Begin MonoManager ReloadAssembly
Native extension for WindowsStandalone target not found
Native extension for WebGL target not found
Refreshing native plugins compatible for Editor in 0.61 ms, found 2 plugins.
Preloading 0 native plugins for Editor in 0.00 ms.
Invoked RoslynAnalysisRunner static constructor.
RoslynAnalysisRunner will not be running.
RoslynAnalysisRunner has terminated.
Mono: successfully reloaded assembly
- Completed reload, in  1.095 seconds
Platform modules already initialized, skipping
Shader 'Universal Render Pipeline/Particles/Lit': fallback shader 'Universal Render Pipeline/Particles/SimpleLit' not found
Refreshing native plugins compatible for Editor in 0.61 ms, found 2 plugins.
Preloading 0 native plugins for Editor in 0.00 ms.
Unloading 2526 Unused Serialized files (Serialized files now loaded: 0)
System memory in use before: 201.5 MB.
System memory in use after: 201.7 MB.

Unloading 23 unused Assets to reduce memory usage. Loaded Objects now: 3128.
Total: 2.663000 ms (FindLiveObjects: 0.317600 ms CreateObjectMapping: 0.070800 ms MarkObjects: 2.136800 ms  DeleteObjects: 0.135900 ms)

========================================================================
Received Prepare
Registering precompiled user dll's ...
Registered in 0.010995 seconds.
Begin MonoManager ReloadAssembly
Native extension for WindowsStandalone target not found
Native extension for WebGL target not found
Refreshing native plugins compatible for Editor in 0.69 ms, found 2 plugins.
Preloading 0 native plugins for Editor in 0.00 ms.
Invoked RoslynAnalysisRunner static constructor.
RoslynAnalysisRunner will not be running.
RoslynAnalysisRunner has terminated.
Mono: successfully reloaded assembly
- Completed reload, in  1.181 seconds
Platform modules already initialized, skipping
Shader 'Universal Render Pipeline/Particles/Lit': fallback shader 'Universal Render Pipeline/Particles/SimpleLit' not found
Refreshing native plugins compatible for Editor in 0.61 ms, found 2 plugins.
Preloading 0 native plugins for Editor in 0.00 ms.
Unloading 2526 Unused Serialized files (Serialized files now loaded: 0)
System memory in use before: 201.5 MB.
System memory in use after: 201.7 MB.

Unloading 23 unused Assets to reduce memory usage. Loaded Objects now: 3131.
Total: 2.792800 ms (FindLiveObjects: 0.380300 ms CreateObjectMapping: 0.077600 ms MarkObjects: 2.226300 ms  DeleteObjects: 0.107100 ms)

========================================================================
Received Import Request.
  Time since last request: 61.179690 seconds.
  path: Assets/Scripts/BattleManagement/AIController.cs
  artifactKey: Guid(b10cb51b1e286454492c10d21989d8e3) Importer(815301076,1909f56bfc062723c751e8b465ee728b)
Start importing Assets/Scripts/BattleManagement/AIController.cs using Guid(b10cb51b1e286454492c10d21989d8e3) Importer(815301076,1909f56bfc062723c751e8b465ee728b)  -> (artifact id: '67a5666472feca51251342818ca3ddaf') in 0.009311 seconds
  Import took 0.013962 seconds .

========================================================================
Received Prepare
Registering precompiled user dll's ...
Registered in 0.010654 seconds.
Begin MonoManager ReloadAssembly
Native extension for WindowsStandalone target not found
Native extension for WebGL target not found
Refreshing native plugins compatible for Editor in 0.66 ms, found 2 plugins.
Preloading 0 native plugins for Editor in 0.00 ms.
Invoked RoslynAnalysisRunner static constructor.
RoslynAnalysisRunner will not be running.
RoslynAnalysisRunner has terminated.
Mono: successfully reloaded assembly
- Completed reload, in  1.094 seconds
Platform modules already initialized, skipping
Shader 'Universal Render Pipeline/Particles/Lit': fallback shader 'Universal Render Pipeline/Particles/SimpleLit' not found
Refreshing native plugins compatible for Editor in 0.62 ms, found 2 plugins.
Preloading 0 native plugins for Editor in 0.00 ms.
Unloading 2526 Unused Serialized files (Serialized files now loaded: 0)
System memory in use before: 201.6 MB.
System memory in use after: 201.7 MB.

Unloading 23 unused Assets to reduce memory usage. Loaded Objects now: 3134.
Total: 3.065400 ms (FindLiveObjects: 0.377300 ms CreateObjectMapping: 0.086300 ms MarkObjects: 2.488600 ms  DeleteObjects: 0.111300 ms)

